<?xml version="1.0" encoding="UTF-8"?>
<!-- Generated by org.testng.reporters.JUnitReportReporter -->
<testsuite hostname="Amit" failures="0" tests="1" name="com.selenium_automation.HandleAlerts" time="3.121" errors="0" timestamp="2024-12-04T21:27:24 IST" skipped="0">
  <testcase classname="com.selenium_automation.HandleAlerts" name="test" time="3.121"/>
  <system-out/>
</testsuite> <!-- com.selenium_automation.HandleAlerts -->
