<?xml version="1.0" encoding="UTF-8"?>
<!-- Generated by org.testng.reporters.JUnitReportReporter -->
<testsuite hostname="Amit" failures="0" tests="1" name="com.selenium_automation.HoverAction" time="1.711" errors="0" timestamp="2024-12-05T20:20:21 IST" skipped="0">
  <testcase classname="com.selenium_automation.HoverAction" name="test" time="1.711"/>
  <system-out/>
</testsuite> <!-- com.selenium_automation.HoverAction -->
