<?xml version="1.0" encoding="UTF-8"?>
<!-- Generated by org.testng.reporters.JUnitReportReporter -->
<testsuite hostname="Amit" failures="0" tests="1" name="com.selenium_automation.Screenshots" time="0.638" errors="0" timestamp="2024-12-05T23:11:00 IST" skipped="0">
  <testcase classname="com.selenium_automation.Screenshots" name="test" time="0.638"/>
  <system-out/>
</testsuite> <!-- com.selenium_automation.Screenshots -->
