<?xml version="1.0" encoding="UTF-8"?>
<!-- Generated by org.testng.reporters.JUnitReportReporter -->
<testsuite hostname="Amit" failures="0" tests="1" name="com.selenium_automation.KeyPressUsingActionClass" time="5.447" errors="0" timestamp="2024-12-04T22:13:37 IST" skipped="0">
  <testcase classname="com.selenium_automation.KeyPressUsingActionClass" name="test" time="5.447"/>
  <system-out/>
</testsuite> <!-- com.selenium_automation.KeyPressUsingActionClass -->
