<?xml version="1.0" encoding="UTF-8"?>
<!-- Generated by org.testng.reporters.JUnitReportReporter -->
<testsuite hostname="Amit" failures="0" tests="1" name="com.selenium_automation.HandleMultipleWindows" time="1.060" errors="0" timestamp="2024-12-05T20:49:34 IST" skipped="0">
  <testcase classname="com.selenium_automation.HandleMultipleWindows" name="test" time="1.060"/>
  <system-out/>
</testsuite> <!-- com.selenium_automation.HandleMultipleWindows -->
