<?xml version="1.0" encoding="UTF-8"?>
<!-- Generated by org.testng.reporters.JUnitReportReporter -->
<testsuite hostname="Amit" failures="0" tests="1" name="com.selenium_automation.StaticTable" time="1.393" errors="0" timestamp="2024-12-08T20:23:44 IST" skipped="0">
  <testcase classname="com.selenium_automation.StaticTable" name="test" time="1.393"/>
  <system-out/>
</testsuite> <!-- com.selenium_automation.StaticTable -->
