<?xml version="1.0" encoding="UTF-8"?>
<!-- Generated by org.testng.reporters.JUnitReportReporter -->
<testsuite hostname="Amit" failures="0" tests="1" name="com.selenium_automation.First_Code" time="25.762" errors="0" timestamp="2024-12-04T19:50:57 IST" skipped="0">
  <testcase classname="com.selenium_automation.First_Code" name="test" time="25.762"/>
  <system-out/>
</testsuite> <!-- com.selenium_automation.First_Code -->
