<?xml version="1.0" encoding="UTF-8"?>
<!-- Generated by org.testng.reporters.JUnitReportReporter -->
<testsuite hostname="Amit" failures="0" tests="1" name="com.selenium_automation.FindBrokenImages" time="4.964" errors="0" timestamp="2024-12-08T19:59:42 IST" skipped="0">
  <testcase classname="com.selenium_automation.FindBrokenImages" name="test" time="4.964"/>
  <system-out/>
</testsuite> <!-- com.selenium_automation.FindBrokenImages -->
