<?xml version="1.0" encoding="UTF-8"?>
<!-- Generated by org.testng.reporters.JUnitReportReporter -->
<testsuite hostname="Amit" failures="0" tests="1" name="com.selenium_automation.HandleCheckBoxes" time="1.371" errors="0" timestamp="2024-12-04T20:40:11 IST" skipped="0">
  <testcase classname="com.selenium_automation.HandleCheckBoxes" name="test" time="1.371"/>
  <system-out/>
</testsuite> <!-- com.selenium_automation.HandleCheckBoxes -->
