<?xml version="1.0" encoding="UTF-8"?>
<!-- Generated by org.testng.reporters.JUnitReportReporter -->
<testsuite hostname="Amit" failures="0" tests="1" name="com.selenium_automation.HandleDropdown" time="6.015" errors="0" timestamp="2024-12-04T21:46:40 IST" skipped="0">
  <testcase classname="com.selenium_automation.HandleDropdown" name="test" time="6.015"/>
  <system-out/>
</testsuite> <!-- com.selenium_automation.HandleDropdown -->
